<?xml version="1.0" encoding="UTF-8"?>
<!-- Generated by org.testng.reporters.JUnitReportReporter -->
<testsuite skipped="0" hostname="DESKTOP-U3TR6TQ" name="testBase.TestBase" tests="2" failures="0" timestamp="15 Mar 2023 08:59:57 GMT" time="7.449" errors="0">
  <testcase name="openBrowser" time="6.683" classname="testBase.TestBase"/>
  <testcase name="closeBrowser" time="0.766" classname="testBase.TestBase"/>
</testsuite> <!-- testBase.TestBase -->
