<?xml version="1.0" encoding="UTF-8"?>
<!-- Generated by org.testng.reporters.JUnitReportReporter -->
<testsuite skipped="0" hostname="DESKTOP-U3TR6TQ" name="testCases.Test2" tests="1" failures="0" timestamp="16 Mar 2023 04:49:54 GMT" time="37.075" errors="0">
  <testcase name="testCase2" time="37.075" classname="testCases.Test2"/>
</testsuite> <!-- testCases.Test2 -->
